<?xml version="1.0" encoding="UTF-8"?>
<testsuite xmlns:xsi="http://www.w3.org/2001/XMLSchema-instance" xsi:noNamespaceSchemaLocation="https://maven.apache.org/surefire/maven-surefire-plugin/xsd/surefire-test-report.xsd" name="HanLPTest" time="8.536" tests="4" errors="1" skipped="0" failures="0">
  <properties>
[...]
</properties>
  <testcase name="TestA" classname="HanLPTest" time="0.619"/>
  <testcase name="TestB" classname="HanLPTest" time="0.022"/>
  <testcase name="TestC" classname="HanLPTest" time="0.06">
    <error message="System memory 259522560 must be at least 471859200. Please increase heap size using the --driver-memory option or spark.driver.memory in Spark configuration." type="java.lang.IllegalArgumentException">java.lang.IllegalArgumentException: System memory 259522560 must be at least 471859200. Please increase heap size using the --driver-memory option or spark.driver.memory in Spark configuration.
	at HanLPTest.TestC(HanLPTest.java:53)
</error>
    <system-out><![CDATA[10:15:13.917 [main] WARN org.apache.spark.SparkContext - Another SparkContext is being constructed (or threw an exception in its constructor).  This may indicate an error, since only one SparkContext may be running in this JVM (see SPARK-2243). The other SparkContext was created at:
org.apache.spark.api.java.JavaSparkContext.<init>(JavaSparkContext.scala:58)
BayesTest.TestA(BayesTest.java:23)
sun.reflect.NativeMethodAccessorImpl.invoke0(Native Method)
sun.reflect.NativeMethodAccessorImpl.invoke(NativeMethodAccessorImpl.java:62)
sun.reflect.DelegatingMethodAccessorImpl.invoke(DelegatingMethodAccessorImpl.java:43)
java.lang.reflect.Method.invoke(Method.java:498)
org.junit.runners.model.FrameworkMethod$1.runReflectiveCall(FrameworkMethod.java:50)
org.junit.internal.runners.model.ReflectiveCallable.run(ReflectiveCallable.java:12)
org.junit.runners.model.FrameworkMethod.invokeExplosively(FrameworkMethod.java:47)
org.junit.internal.runners.statements.InvokeMethod.evaluate(InvokeMethod.java:17)
org.junit.runners.ParentRunner.runLeaf(ParentRunner.java:325)
org.junit.runners.BlockJUnit4ClassRunner.runChild(BlockJUnit4ClassRunner.java:78)
org.junit.runners.BlockJUnit4ClassRunner.runChild(BlockJUnit4ClassRunner.java:57)
org.junit.runners.ParentRunner$3.run(ParentRunner.java:290)
org.junit.runners.ParentRunner$1.schedule(ParentRunner.java:71)
org.junit.runners.ParentRunner.runChildren(ParentRunner.java:288)
org.junit.runners.ParentRunner.access$000(ParentRunner.java:58)
org.junit.runners.ParentRunner$2.evaluate(ParentRunner.java:268)
org.junit.runners.ParentRunner.run(ParentRunner.java:363)
org.apache.maven.surefire.junit4.JUnit4Provider.execute(JUnit4Provider.java:365)
10:15:13.917 [main] INFO org.apache.spark.SparkContext - Running Spark version 2.4.0
10:15:13.918 [main] INFO org.apache.spark.SparkContext - Submitted application: NaiveBayesTest
10:15:13.919 [main] INFO org.apache.spark.SecurityManager - Changing view acls to: zhangguifa
10:15:13.919 [main] INFO org.apache.spark.SecurityManager - Changing modify acls to: zhangguifa
10:15:13.919 [main] INFO org.apache.spark.SecurityManager - Changing view acls groups to: 
10:15:13.919 [main] INFO org.apache.spark.SecurityManager - Changing modify acls groups to: 
10:15:13.919 [main] INFO org.apache.spark.SecurityManager - SecurityManager: authentication disabled; ui acls disabled; users  with view permissions: Set(zhangguifa); groups with view permissions: Set(); users  with modify permissions: Set(zhangguifa); groups with modify permissions: Set()
10:15:13.966 [main] DEBUG org.apache.spark.network.server.TransportServer - Shuffle server started on port: 53880
10:15:13.967 [main] INFO org.apache.spark.util.Utils - Successfully started service 'sparkDriver' on port 53880.
10:15:13.967 [main] DEBUG org.apache.spark.SparkEnv - Using serializer: class org.apache.spark.serializer.JavaSerializer
10:15:13.969 [main] INFO org.apache.spark.SparkEnv - Registering MapOutputTracker
10:15:13.969 [main] DEBUG org.apache.spark.MapOutputTrackerMasterEndpoint - init
10:15:13.970 [main] ERROR org.apache.spark.SparkContext - Error initializing SparkContext.
java.lang.IllegalArgumentException: System memory 259522560 must be at least 471859200. Please increase heap size using the --driver-memory option or spark.driver.memory in Spark configuration.
	at org.apache.spark.memory.UnifiedMemoryManager$.getMaxMemory(UnifiedMemoryManager.scala:219)
	at org.apache.spark.memory.UnifiedMemoryManager$.apply(UnifiedMemoryManager.scala:199)
	at org.apache.spark.SparkEnv$.create(SparkEnv.scala:330)
	at org.apache.spark.SparkEnv$.createDriverEnv(SparkEnv.scala:185)
	at org.apache.spark.SparkContext.createSparkEnv(SparkContext.scala:257)
	at org.apache.spark.SparkContext.<init>(SparkContext.scala:424)
	at org.apache.spark.api.java.JavaSparkContext.<init>(JavaSparkContext.scala:58)
	at com.appleyk.process.ModelProcess.loadClassifierModel(ModelProcess.java:301)
	at com.appleyk.process.ModelProcess.<init>(ModelProcess.java:77)
	at HanLPTest.TestC(HanLPTest.java:53)
	at sun.reflect.NativeMethodAccessorImpl.invoke0(Native Method)
	at sun.reflect.NativeMethodAccessorImpl.invoke(NativeMethodAccessorImpl.java:62)
	at sun.reflect.DelegatingMethodAccessorImpl.invoke(DelegatingMethodAccessorImpl.java:43)
	at java.lang.reflect.Method.invoke(Method.java:498)
	at org.junit.runners.model.FrameworkMethod$1.runReflectiveCall(FrameworkMethod.java:50)
	at org.junit.internal.runners.model.ReflectiveCallable.run(ReflectiveCallable.java:12)
	at org.junit.runners.model.FrameworkMethod.invokeExplosively(FrameworkMethod.java:47)
	at org.junit.internal.runners.statements.InvokeMethod.evaluate(InvokeMethod.java:17)
	at org.junit.runners.ParentRunner.runLeaf(ParentRunner.java:325)
	at org.junit.runners.BlockJUnit4ClassRunner.runChild(BlockJUnit4ClassRunner.java:78)
	at org.junit.runners.BlockJUnit4ClassRunner.runChild(BlockJUnit4ClassRunner.java:57)
	at org.junit.runners.ParentRunner$3.run(ParentRunner.java:290)
	at org.junit.runners.ParentRunner$1.schedule(ParentRunner.java:71)
	at org.junit.runners.ParentRunner.runChildren(ParentRunner.java:288)
	at org.junit.runners.ParentRunner.access$000(ParentRunner.java:58)
	at org.junit.runners.ParentRunner$2.evaluate(ParentRunner.java:268)
	at org.junit.runners.ParentRunner.run(ParentRunner.java:363)
	at org.apache.maven.surefire.junit4.JUnit4Provider.execute(JUnit4Provider.java:365)
	at org.apache.maven.surefire.junit4.JUnit4Provider.executeWithRerun(JUnit4Provider.java:273)
	at org.apache.maven.surefire.junit4.JUnit4Provider.executeTestSet(JUnit4Provider.java:238)
	at org.apache.maven.surefire.junit4.JUnit4Provider.invoke(JUnit4Provider.java:159)
	at org.apache.maven.surefire.booter.ForkedBooter.invokeProviderInSameClassLoader(ForkedBooter.java:384)
	at org.apache.maven.surefire.booter.ForkedBooter.runSuitesInProcess(ForkedBooter.java:345)
	at org.apache.maven.surefire.booter.ForkedBooter.execute(ForkedBooter.java:126)
	at org.apache.maven.surefire.booter.ForkedBooter.main(ForkedBooter.java:418)
10:15:13.970 [main] INFO org.apache.spark.SparkContext - Successfully stopped SparkContext
]]></system-out>
  </testcase>
  <testcase name="TestRDD" classname="HanLPTest" time="7.834"/>
</testsuite>